{
  "RSpec": {
    "coverage": {
      "/crypto_trading_game/spec/support/factory_bot.rb": {
        "lines": [
          1,
          1,
          null
        ]
      },
      "/crypto_trading_game/spec/models/cycle_spec.rb": {
        "lines": [
          1,
          6,
          null,
          1,
          2,
          null,
          null,
          1,
          1,
          1,
          null,
          null,
          null,
          2,
          2,
          2,
          null,
          1,
          1,
          1,
          1,
          null,
          1,
          null,
          1,
          null,
          null,
          null,
          1,
          1,
          1,
          1,
          null,
          1,
          null,
          1,
          null,
          null,
          null
        ]
      },
      "/crypto_trading_game/app/models/cycle.rb": {
        "lines": [
          1,
          1,
          null,
          1,
          null,
          1,
          1,
          19,
          1,
          null,
          null,
          16,
          null,
          1,
          null,
          1,
          18,
          16,
          null,
          16,
          2,
          null,
          null,
          null
        ]
      },
      "/crypto_trading_game/app/models/application_record.rb": {
        "lines": [
          1,
          1,
          null
        ]
      },
      "/crypto_trading_game/spec/models/user_spec.rb": {
        "lines": [
          1,
          7,
          null,
          1,
          2,
          null,
          null,
          1,
          2,
          2,
          2,
          2,
          2,
          null,
          null,
          1,
          1,
          1,
          1,
          1,
          1,
          null,
          1,
          null,
          null,
          null
        ]
      },
      "/crypto_trading_game/app/models/user.rb": {
        "lines": [
          1,
          1,
          null,
          1,
          null,
          1,
          1,
          1,
          1,
          null,
          1,
          14,
          null,
          null
        ]
      }
    },
    "timestamp": 1630776600
  }
}
