{
  "RSpec": {
    "coverage": {
      "/crypto_trading_game/spec/support/factory_bot.rb": {
        "lines": [
          1,
          1,
          null
        ]
      },
      "/crypto_trading_game/spec/models/user_spec.rb": {
        "lines": [
          1,
          6,
          null,
          2,
          2,
          2,
          2,
          2,
          null
        ]
      },
      "/crypto_trading_game/app/models/user.rb": {
        "lines": [
          1,
          1,
          null,
          1,
          1,
          1,
          1,
          null
        ]
      },
      "/crypto_trading_game/app/models/application_record.rb": {
        "lines": [
          1,
          1,
          null
        ]
      }
    },
    "timestamp": 1630774737
  }
}
